<?xml version='1.0' encoding='UTF-8'?>
<!DOCTYPE coverage SYSTEM 'http://cobertura.sourceforge.net/xml/coverage-04.dtd'>
<coverage line-rate="1.0" branch-rate="0.5" lines-covered="9" lines-valid="9" branches-covered="4" branches-valid="8" complexity="0.0" timestamp="1718482415" version="gcovr 5.0"><sources><source>/home/t0101u7/05_UnitTest_Tutorial/Tutorial_Gtest/Mocktesting</source></sources><packages><package name="include" line-rate="1.0" branch-rate="0.0" complexity="0.0"><classes><class name="header_h" filename="include/header.h" line-rate="1.0" branch-rate="0.0" complexity="0.0"><methods/><lines><line number="5" hits="6" branch="false"/></lines></class></classes></package><package name="src" line-rate="1.0" branch-rate="0.5" complexity="0.0"><classes><class name="header_cpp" filename="src/header.cpp" line-rate="1.0" branch-rate="0.0" complexity="0.0"><methods/><lines><line number="3" hits="3" branch="false"/></lines></class><class name="main_cpp" filename="src/main.cpp" line-rate="1.0" branch-rate="0.5" complexity="0.0"><methods/><lines><line number="6" hits="3" branch="false"/><line number="7" hits="3" branch="false"/><line number="8" hits="3" branch="false"/><line number="9" hits="3" branch="true" condition-coverage="50% (1/2)"><conditions><condition number="0" type="jump" coverage="50%"/></conditions></line><line number="10" hits="3" branch="true" condition-coverage="50% (3/6)"><conditions><condition number="0" type="jump" coverage="50%"/></conditions></line><line number="11" hits="3" branch="false"/><line number="12" hits="3" branch="false"/></lines></class></classes></package></packages></coverage>