<?xml version='1.0' encoding='UTF-8'?>
<!DOCTYPE coverage SYSTEM 'http://cobertura.sourceforge.net/xml/coverage-04.dtd'>
<coverage line-rate="1.0" branch-rate="0.0" lines-covered="6" lines-valid="6" branches-covered="0" branches-valid="0" complexity="0.0" timestamp="1717755127" version="gcovr 5.0"><sources><source>/home/t0101u7/05_UnitTest_Tutorial/Tutorial_Gtest/Complete_Gtest_CMake_Code_Coverage</source></sources><packages><package name="src" line-rate="1.0" branch-rate="0.0" complexity="0.0"><classes><class name="header_cpp" filename="src/header.cpp" line-rate="1.0" branch-rate="0.0" complexity="0.0"><methods/><lines><line number="4" hits="3" branch="false"/></lines></class><class name="main_cpp" filename="src/main.cpp" line-rate="1.0" branch-rate="0.0" complexity="0.0"><methods/><lines><line number="6" hits="3" branch="false"/><line number="8" hits="3" branch="false"/><line number="9" hits="3" branch="false"/><line number="10" hits="3" branch="false"/><line number="11" hits="3" branch="false"/></lines></class></classes></package></packages></coverage>